diary_app/build/app/outputs/mapping/release/seeds.txt
com.example.diary_app.MainActivity
com.example.diary_app.MainActivity: MainActivity()
...
androidx.core.app.RemoteActionCompat
androidx.window.layout.EmptyDecorator
androidx.window.layout.WindowMetricsCalculator$Companion$overrideDecorator$1
androidx.lifecycle.LiveData$LifecycleBoundObserver
androidx.activity.ImmLeaksCleaner
androidx.window.layout.WindowMetricsCalculator$Companion
kotlinx.coroutines.CoroutineExceptionHandler
androidx.versionedparcelable.CustomVersionedParcelable
kotlin.coroutines.jvm.internal.BaseContinuationImpl
androidx.window.embedding.EmbeddingCompat$Companion
androidx.window.layout.HardwareFoldingFeature$Type
io.flutter.plugin.platform.SingleViewPresentation
androidx.window.embedding.MatcherUtils
androidx.window.embedding.EmptyEmbeddingComponent
androidx.window.layout.WindowMetricsCalculator$Companion$decorator$1
androidx.window.embedding.ExtensionEmbeddingBackend$SplitListenerWrapper
androidx.lifecycle.ReflectiveGenericLifecycleObserver
androidx.window.layout.SidecarCompat$DistinctElementCallback
androidx.window.java.layout.WindowInfoTrackerCallbackAdapter$addListener$1$1$invokeSuspend$$inlined$collect$1
androidx.activity.OnBackPressedDispatcher$LifecycleOnBackPressedCancellable
androidx.window.layout.FoldingFeature$Orientation$Companion
androidx.activity.ComponentActivity$3
androidx.window.layout.HardwareFoldingFeature$Type$Companion
androidx.savedstate.SavedStateRegistry$1
androidx.savedstate.Recreator
androidx.lifecycle.SingleGeneratedAdapterObserver
androidx.window.layout.SidecarAdapter$Companion
io.flutter.view.AccessibilityViewEmbedder
androidx.window.embedding.EmbeddingTranslatingCallback
androidx.window.embedding.SplitRule$Api30Impl
androidx.core.graphics.drawable.IconCompat
kotlin.internal.jdk7.JDK7PlatformImplementations
androidx.window.R
androidx.window.embedding.SplitPairRule
io.flutter.embedding.engine.FlutterOverlaySurface
androidx.core.app.CoreComponentFactory
kotlinx.coroutines.internal.MainDispatcherFactory
androidx.window.layout.WindowLayoutInfo
androidx.core.graphics.drawable.IconCompatParcelizer
androidx.window.layout.ExtensionWindowLayoutInfoBackend
io.flutter.embedding.engine.FlutterJNI
androidx.window.embedding.SplitController
io.flutter.embedding.engine.plugins.lifecycle.HiddenLifecycleReference
androidx.window.layout.SidecarWindowBackend$Companion
androidx.window.core.Version$Companion
io.flutter.embedding.engine.renderer.SurfaceTextureWrapper
androidx.window.layout.ExtensionInterfaceCompat$ExtensionCallbackInterface
androidx.window.layout.WindowInfoTracker
androidx.window.layout.ExtensionsWindowLayoutInfoAdapter
androidx.window.layout.FoldingFeature$OcclusionType
androidx.window.layout.DisplayCompatHelperApi17
androidx.window.core.Version$bigInteger$2
io.flutter.plugins.urllauncher.WebViewActivity
androidx.window.layout.WindowMetricsCalculator
androidx.window.layout.HardwareFoldingFeature
androidx.window.layout.SidecarWindowBackend$WindowLayoutChangeCallbackWrapper
androidx.window.layout.SidecarAdapter
androidx.window.layout.ActivityCompatHelperApi30
androidx.window.layout.SidecarCompat$registerConfigurationChangeListener$configChangeObserver$1
androidx.window.embedding.SplitRule$LayoutDir
androidx.window.embedding.ExtensionEmbeddingBackend$Companion
io.flutter.view.FlutterCallbackInformation
androidx.versionedparcelable.ParcelImpl
com.google.crypto.tink.proto.AesCtrKeyFormat: int PARAMS_FIELD_NUMBER
androidx.window.embedding.SplitRule: int layoutDirection
io.flutter.embedding.engine.FlutterJNI: boolean loadLibraryCalled
com.google.crypto.tink.proto.AesGcmSivKeyFormat: int keySize_
androidx.window.layout.SidecarAdapter: java.lang.String TAG
androidx.window.layout.HardwareFoldingFeature$Type: java.lang.String description
androidx.window.layout.ExtensionWindowLayoutInfoBackend$MulticastConsumer: java.util.concurrent.locks.ReentrantLock multicastConsumerLock
kotlinx.coroutines.internal.LockFreeTaskQueue: java.lang.Object _cur
com.google.crypto.tink.proto.XChaCha20Poly1305Key: int KEY_VALUE_FIELD_NUMBER