diary_app/build/app/outputs/mapping/release/mapping.txt
# compiler: R8
# compiler_version: 3.3.70
# min_api: 19
# common_typos_disable
# {"id":"com.android.tools.r8.mapping","version":"2.0"}
# pg_map_id: a99dcbb
# pg_map_hash: SHA-256 a99dcbbde15745b12d8e08af82fd9352cb15558d120dd6442915566dd23932ce
...
com.google.crypto.tink.shaded.protobuf.Utf8$Processor -> com.google.crypto.tink.shaded.protobuf.t1$b:
    java.lang.String decodeUtf8(byte[],int,int) -> a
    int encodeUtf8(java.lang.CharSequence,byte[],int,int) -> b
    boolean isValidUtf8(byte[],int,int) -> c
    int partialIsValidUtf8(int,byte[],int,int) -> d
com.google.crypto.tink.shaded.protobuf.Utf8$SafeProcessor -> com.google.crypto.tink.shaded.protobuf.t1$c:
    java.lang.String decodeUtf8(byte[],int,int) -> a
    int encodeUtf8(java.lang.CharSequence,byte[],int,int) -> b
    int partialIsValidUtf8(int,byte[],int,int) -> d
    int partialIsValidUtf8(byte[],int,int) -> e
    int partialIsValidUtf8NonAscii(byte[],int,int) -> f
com.google.crypto.tink.shaded.protobuf.Utf8$UnpairedSurrogateException -> com.google.crypto.tink.shaded.protobuf.t1$d:
com.google.crypto.tink.shaded.protobuf.Utf8$UnsafeProcessor -> com.google.crypto.tink.shaded.protobuf.t1$e:
    java.lang.String decodeUtf8(byte[],int,int) -> a
    int encodeUtf8(java.lang.CharSequence,byte[],int,int) -> b
    int partialIsValidUtf8(int,byte[],int,int) -> d
    boolean isAvailable() -> e
    int partialIsValidUtf8(byte[],long,int) -> f
    int unsafeEstimateConsecutiveAscii(byte[],long,int) -> g
    int unsafeIncompleteStateFor(byte[],int,long,int) -> h
com.google.crypto.tink.shaded.protobuf.WireFormat -> com.google.crypto.tink.shaded.protobuf.u1:
    int MESSAGE_SET_MESSAGE_TAG -> d
    int MESSAGE_SET_ITEM_END_TAG -> b
    int MESSAGE_SET_TYPE_ID_TAG -> c
    int MESSAGE_SET_ITEM_TAG -> a
    int getTagFieldNumber(int) -> a
    int getTagWireType(int) -> b
    int makeTag(int,int) -> c
com.google.crypto.tink.shaded.protobuf.WireFormat$1 -> com.google.crypto.tink.shaded.protobuf.u1$a:
com.google.crypto.tink.shaded.protobuf.WireFormat$FieldType -> com.google.crypto.tink.shaded.protobuf.u1$b:
    com.google.crypto.tink.shaded.protobuf.WireFormat$FieldType BOOL -> m
    com.google.crypto.tink.shaded.protobuf.WireFormat$FieldType FIXED32 -> l
    com.google.crypto.tink.shaded.protobuf.WireFormat$FieldType GROUP -> o
    com.google.crypto.tink.shaded.protobuf.WireFormat$FieldType[] $VALUES -> x
    com.google.crypto.tink.shaded.protobuf.WireFormat$FieldType STRING -> n
    com.google.crypto.tink.shaded.protobuf.WireFormat$FieldType UINT64 -> i
    com.google.crypto.tink.shaded.protobuf.WireFormat$FieldType INT64 -> h
    com.google.crypto.tink.shaded.protobuf.WireFormat$FieldType FIXED64 -> k
    com.google.crypto.tink.shaded.protobuf.WireFormat$FieldType INT32 -> j
    com.google.crypto.tink.shaded.protobuf.WireFormat$FieldType FLOAT -> g
    int wireType -> e
    com.google.crypto.tink.shaded.protobuf.WireFormat$FieldType DOUBLE -> f
    com.google.crypto.tink.shaded.protobuf.WireFormat$JavaType javaType -> d
    com.google.crypto.tink.shaded.protobuf.WireFormat$FieldType SFIXED64 -> u
    com.google.crypto.tink.shaded.protobuf.WireFormat$FieldType SFIXED32 -> t
    com.google.crypto.tink.shaded.protobuf.WireFormat$FieldType SINT64 -> w
    com.google.crypto.tink.shaded.protobuf.WireFormat$FieldType SINT32 -> v
    com.google.crypto.tink.shaded.protobuf.WireFormat$FieldType BYTES -> q
com.google.crypto.tink.shaded.protobuf.WireFormat$FieldType$1 -> com.google.crypto.tink.shaded.protobuf.u1$b$a:
com.google.crypto.tink.shaded.protobuf.WireFormat$FieldType$2 -> com.google.crypto.tink.shaded.protobuf.u1$b$b:
com.google.crypto.tink.shaded.protobuf.WireFormat$FieldType$3 -> com.google.crypto.tink.shaded.protobuf.u1$b$c:
com.google.crypto.tink.shaded.protobuf.WireFormat$FieldType$4 -> com.google.crypto.tink.shaded.protobuf.u1$b$d: