diary_app/build/app/outputs/mapping/release/usage.txt
com.example.diary_app.BuildConfig
com.example.diary_app.R$attr
com.example.diary_app.R$color
com.example.diary_app.R$dimen
com.example.diary_app.R$drawable
com.example.diary_app.R$id
com.example.diary_app.R$integer
com.example.diary_app.R$layout
com.example.diary_app.R$mipmap
com.example.diary_app.R$string
com.example.diary_app.R$style
com.example.diary_app.R$styleable
com.example.diary_app.R
...
com.google.gson.internal.bind.TypeAdapters$34
com.google.gson.internal.bind.TypeAdapters$3
com.google.gson.internal.bind.TypeAdapters$4
com.google.gson.internal.bind.TypeAdapters$5
com.google.gson.internal.bind.TypeAdapters$6
com.google.gson.internal.bind.TypeAdapters$7
com.google.gson.internal.bind.TypeAdapters$8
com.google.gson.internal.bind.TypeAdapters$9
com.google.gson.internal.bind.TypeAdapters$EnumTypeAdapter$1
com.google.gson.internal.bind.TypeAdapters$EnumTypeAdapter
com.google.gson.internal.bind.TypeAdapters
com.google.gson.internal.bind.util.ISO8601Utils
com.google.gson.internal.reflect.PreJava9ReflectionAccessor
com.google.gson.internal.reflect.ReflectionAccessor
com.google.gson.internal.reflect.UnsafeReflectionAccessor
com.google.gson.internal.sql.SqlDateTypeAdapter$1
com.google.gson.internal.sql.SqlDateTypeAdapter
com.google.gson.internal.sql.SqlTimeTypeAdapter$1
com.google.gson.internal.sql.SqlTimeTypeAdapter
com.google.gson.internal.sql.SqlTimestampTypeAdapter$1
com.google.gson.internal.sql.SqlTimestampTypeAdapter
com.google.gson.internal.sql.SqlTypesSupport$1
com.google.gson.internal.sql.SqlTypesSupport$2
com.google.gson.internal.sql.SqlTypesSupport
com.google.gson.reflect.TypeToken
com.google.gson.stream.JsonReader$1
com.google.gson.stream.JsonReader
com.google.gson.stream.JsonScope
com.google.gson.stream.JsonToken
com.google.gson.stream.JsonWriter
com.google.gson.stream.MalformedJsonException
com.it_nomads.fluttersecurestorage.BuildConfig
com.it_nomads.fluttersecurestorage.FlutterSecureStoragePlugin:
    private static final java.lang.String TAG
com.it_nomads.fluttersecurestorage.R$attr
com.it_nomads.fluttersecurestorage.R$color
com.it_nomads.fluttersecurestorage.R$dimen
com.it_nomads.fluttersecurestorage.R$drawable
com.it_nomads.fluttersecurestorage.R$id
com.it_nomads.fluttersecurestorage.R$integer
com.it_nomads.fluttersecurestorage.R$layout
com.it_nomads.fluttersecurestorage.R$string
com.it_nomads.fluttersecurestorage.R$style
com.it_nomads.fluttersecurestorage.R$styleable
com.it_nomads.fluttersecurestorage.R
com.it_nomads.fluttersecurestorage.ciphers.RSACipher18Implementation:
    private static final java.lang.String KEYSTORE_PROVIDER_ANDROID
    private static final java.lang.String TYPE_RSA
com.it_nomads.fluttersecurestorage.ciphers.StorageCipher18Implementation:
    private static final java.lang.String KEY_ALGORITHM
    private static final java.lang.String SHARED_PREFERENCES_NAME
    private static final int keySize
com.it_nomads.fluttersecurestorage.ciphers.StorageCipherFactory:
    private static final java.lang.String ELEMENT_PREFERENCES_ALGORITHM_KEY
    private static final java.lang.String ELEMENT_PREFERENCES_ALGORITHM_PREFIX
    private static final java.lang.String ELEMENT_PREFERENCES_ALGORITHM_STORAGE
com.it_nomads.fluttersecurestorage.ciphers.StorageCipherGCMImplementation:
    private static final int AUTHENTICATION_TAG_SIZE
io.flutter.BuildConfig
io.flutter.FlutterInjector$Builder:
    public io.flutter.FlutterInjector$Builder setDeferredComponentManager(io.flutter.embedding.engine.deferredcomponents.DeferredComponentManager)
    public io.flutter.FlutterInjector$Builder setExecutorService(java.util.concurrent.ExecutorService)
    public io.flutter.FlutterInjector$Builder setFlutterJNIFactory(io.flutter.embedding.engine.FlutterJNI$Factory)
    public io.flutter.FlutterInjector$Builder setFlutterLoader(io.flutter.embedding.engine.loader.FlutterLoader)
io.flutter.FlutterInjector:
    public static void reset()
    public static void setInstance(io.flutter.FlutterInjector)